<?xml version="1.0" encoding="UTF-8"?>
<!-- Generated by org.testng.reporters.JUnitReportReporter -->
<testsuite skipped="0" hostname="Sparsh-Shrivastava" name="Dealership.Masterdata" tests="1" failures="0" timestamp="2021-11-29T23:44:02 IST" time="82.045" errors="0">
  <testcase name="AddVendor" time="82.045" classname="Dealership.Masterdata"/>
  <system-out>
    <![CDATA[Test Method is : AddVendor
Status of execution : 1]]>
  </system-out>
</testsuite> <!-- Dealership.Masterdata -->
