<?xml version="1.0" encoding="UTF-8"?>
<!-- Generated by org.testng.reporters.JUnitReportReporter -->
<testsuite skipped="0" hostname="Sparsh-Shrivastava" name="Dealership.Masterdata" tests="2" failures="0" timestamp="2021-11-30T12:31:49 IST" time="186.340" errors="0">
  <testcase name="AddCustomer" time="106.891" classname="Dealership.Masterdata"/>
  <system-out>
    <![CDATA[Test Method is : AddCustomer
Status of execution : 1]]>
  </system-out>
  <testcase name="AddVendor" time="79.449" classname="Dealership.Masterdata"/>
  <system-out>
    <![CDATA[Test Method is : AddVendor
Status of execution : 1]]>
  </system-out>
</testsuite> <!-- Dealership.Masterdata -->
