<?xml version="1.0" encoding="UTF-8"?>
<!-- Generated by org.testng.reporters.JUnitReportReporter -->
<testsuite skipped="0" hostname="Sparsh-Shrivastava" name="Dealership.Masterdata" tests="2" failures="0" timestamp="2021-11-30T22:03:34 IST" time="164.294" errors="0">
  <testcase name="AddVendor" time="82.128" classname="Dealership.Masterdata"/>
  <system-out>
    <![CDATA[Test Method is : AddVendor
Status of execution : 1]]>
  </system-out>
  <testcase name="AddCustomer" time="82.166" classname="Dealership.Masterdata"/>
  <system-out>
    <![CDATA[Test Method is : AddCustomer
Status of execution : 1]]>
  </system-out>
</testsuite> <!-- Dealership.Masterdata -->
