<?xml version="1.0" encoding="UTF-8"?>
<!-- Generated by org.testng.reporters.JUnitReportReporter -->
<testsuite skipped="0" hostname="Sparsh-Shrivastava" name="Dealership.Masterdata" tests="3" failures="0" timestamp="2021-12-02T16:09:23 IST" time="222.151" errors="0">
  <testcase name="AddCustomer" time="70.475" classname="Dealership.Masterdata"/>
  <system-out>
    <![CDATA[Test Method is : AddCustomer
Status of execution : 1]]>
  </system-out>
  <testcase name="AddPart" time="76.203" classname="Dealership.Masterdata"/>
  <system-out>
    <![CDATA[Test Method is : AddPart
Status of execution : 1]]>
  </system-out>
  <testcase name="AddVendor" time="75.473" classname="Dealership.Masterdata"/>
  <system-out>
    <![CDATA[Test Method is : AddVendor
Status of execution : 1]]>
  </system-out>
</testsuite> <!-- Dealership.Masterdata -->
