<?xml version="1.0" encoding="UTF-8"?>
<!-- Generated by org.testng.reporters.JUnitReportReporter -->
<testsuite skipped="0" hostname="Sparsh-Shrivastava" name="Dealership.Masterdata2" tests="1" failures="0" timestamp="2021-11-30T18:18:20 IST" time="132.683" errors="0">
  <testcase name="Sample" time="132.683" classname="Dealership.Masterdata2"/>
  <system-out>
    <![CDATA[Test Method is : Sample
Status of execution : 1]]>
  </system-out>
</testsuite> <!-- Dealership.Masterdata2 -->
